INFO: [VRFC 10-163] Analyzing VHDL file "C:/Users/Eutech/Documents/FinalNanoProcessor/FinalNanoProcessor.srcs/sources_1/new/Adders/Add_Substract_4.vhd" into library xil_defaultlib
INFO: [VRFC 10-307] analyzing entity Add_Substract_4
INFO: [VRFC 10-163] Analyzing VHDL file "C:/Users/Eutech/Documents/FinalNanoProcessor/FinalNanoProcessor.srcs/sources_1/new/Adders/Adder_3.vhd" into library xil_defaultlib
INFO: [VRFC 10-307] analyzing entity Adder_3
INFO: [VRFC 10-163] Analyzing VHDL file "C:/Users/Eutech/Documents/FinalNanoProcessor/FinalNanoProcessor.srcs/sources_1/new/Adders/FA.vhd" into library xil_defaultlib
INFO: [VRFC 10-307] analyzing entity FA
INFO: [VRFC 10-163] Analyzing VHDL file "C:/Users/Eutech/Documents/FinalNanoProcessor/FinalNanoProcessor.srcs/sources_1/new/Adders/HA.vhd" into library xil_defaultlib
INFO: [VRFC 10-307] analyzing entity HA
INFO: [VRFC 10-163] Analyzing VHDL file "C:/Users/Eutech/Documents/FinalNanoProcessor/FinalNanoProcessor.srcs/sources_1/new/Instruction_decoder.vhd" into library xil_defaultlib
INFO: [VRFC 10-307] analyzing entity Instruction_decoder
INFO: [VRFC 10-163] Analyzing VHDL file "C:/Users/Eutech/Documents/FinalNanoProcessor/FinalNanoProcessor.srcs/sources_1/new/Main_unit.vhd" into library xil_defaultlib
INFO: [VRFC 10-307] analyzing entity Main_unit
INFO: [VRFC 10-163] Analyzing VHDL file "C:/Users/Eutech/Documents/FinalNanoProcessor/FinalNanoProcessor.srcs/sources_1/new/Multiplexers/Mux_2_way_3_bit.vhd" into library xil_defaultlib
INFO: [VRFC 10-307] analyzing entity Mux_2_way_3_bit
INFO: [VRFC 10-163] Analyzing VHDL file "C:/Users/Eutech/Documents/FinalNanoProcessor/FinalNanoProcessor.srcs/sources_1/new/Nano_processor.vhd" into library xil_defaultlib
INFO: [VRFC 10-307] analyzing entity Nano_processor
INFO: [VRFC 10-163] Analyzing VHDL file "C:/Users/Eutech/Documents/FinalNanoProcessor/FinalNanoProcessor.srcs/sources_1/new/ROM.vhd" into library xil_defaultlib
INFO: [VRFC 10-307] analyzing entity ROM
INFO: [VRFC 10-163] Analyzing VHDL file "C:/Users/Eutech/Documents/FinalNanoProcessor/FinalNanoProcessor.srcs/sim_1/new/TB_Main_unit.vhd" into library xil_defaultlib
INFO: [VRFC 10-307] analyzing entity TB_Main_unit
